<?xml version="1.0" encoding="utf-8"?><testsuites name="pytest tests"><testsuite name="pytest" errors="0" failures="0" skipped="0" tests="25" time="2.790" timestamp="2026-06-19T00:07:32.783612+00:00" hostname="agent-env-cf1e746d-df77-489a-9296-7b24f57e3f52"><testcase classname="backend.tests.backend_test" name="test_health" time="0.237" /><testcase classname="backend.tests.backend_test" name="test_seeded_testimonials" time="0.048" /><testcase classname="backend.tests.backend_test" name="test_seeded_faqs" time="0.046" /><testcase classname="backend.tests.backend_test" name="test_seeded_blogs" time="0.043" /><testcase classname="backend.tests.backend_test" name="test_blog_filter_category" time="0.044" /><testcase classname="backend.tests.backend_test" name="test_blog_search_q" time="0.044" /><testcase classname="backend.tests.backend_test" name="test_blog_detail_by_slug" time="0.089" /><testcase classname="backend.tests.backend_test" name="test_lead_consultation" time="0.067" /><testcase classname="backend.tests.backend_test" name="test_lead_sip" time="0.047" /><testcase classname="backend.tests.backend_test" name="test_lead_insurance" time="0.048" /><testcase classname="backend.tests.backend_test" name="test_contact_form" time="0.067" /><testcase classname="backend.tests.backend_test" name="test_login_success" time="0.268" /><testcase classname="backend.tests.backend_test" name="test_login_invalid" time="0.267" /><testcase classname="backend.tests.backend_test" name="test_auth_me" time="0.398" /><testcase classname="backend.tests.backend_test" name="test_admin_leads_unauthorized" time="0.042" /><testcase classname="backend.tests.backend_test" name="test_admin_lists[/api/admin/leads]" time="0.046" /><testcase classname="backend.tests.backend_test" name="test_admin_lists[/api/admin/contacts]" time="0.042" /><testcase classname="backend.tests.backend_test" name="test_admin_lists[/api/admin/blogs]" time="0.047" /><testcase classname="backend.tests.backend_test" name="test_admin_lists[/api/admin/testimonials]" time="0.043" /><testcase classname="backend.tests.backend_test" name="test_admin_lists[/api/admin/faqs]" time="0.042" /><testcase classname="backend.tests.backend_test" name="test_admin_lists[/api/admin/analytics]" time="0.104" /><testcase classname="backend.tests.backend_test" name="test_blog_crud" time="0.138" /><testcase classname="backend.tests.backend_test" name="test_testimonial_crud" time="0.133" /><testcase classname="backend.tests.backend_test" name="test_faq_crud" time="0.180" /><testcase classname="backend.tests.backend_test" name="test_lead_status_update" time="0.092" /></testsuite></testsuites>